2026-03-17 10:43:59,333 | INFO | HTTP Request: POST https://api.telegram.org/bot8710025937:AAFLoQOsAOvHI4qgB9TBG53Al9sYfiDBilE/getUpdates "HTTP/1.1 200 OK"
2026-03-17 10:44:09,363 | INFO | HTTP Request: POST https://api.telegram.org/bot8710025937:AAFLoQOsAOvHI4qgB9TBG53Al9sYfiDBilE/getUpdates "HTTP/1.1 200 OK"
2026-03-17 10:44:19,393 | INFO | HTTP Request: POST https://api.telegram.org/bot8710025937:AAFLoQOsAOvHI4qgB9TBG53Al9sYfiDBilE/getUpdates "HTTP/1.1 200 OK"
2026-03-17 10:46:58,464 | INFO | HTTP Request: POST https://api.telegram.org/bot8710025937:AAFLoQOsAOvHI4qgB9TBG53Al9sYfiDBilE/getMe "HTTP/1.1 200 OK"
2026-03-17 10:46:58,498 | INFO | HTTP Request: POST https://api.telegram.org/bot8710025937:AAFLoQOsAOvHI4qgB9TBG53Al9sYfiDBilE/deleteWebhook "HTTP/1.1 200 OK"
2026-03-17 10:46:58,501 | INFO | Application started
2026-03-17 10:47:03,166 | INFO | Report sent for BTC (Score: -4.0)
2026-03-17 10:47:03,226 | INFO | HTTP Request: POST https://api.telegram.org/bot8710025937:AAFLoQOsAOvHI4qgB9TBG53Al9sYfiDBilE/sendMessage "HTTP/1.1 200 OK"
2026-03-17 10:47:03,351 | INFO | HTTP Request: POST https://api.telegram.org/bot8710025937:AAFLoQOsAOvHI4qgB9TBG53Al9sYfiDBilE/sendMessage "HTTP/1.1 200 OK"
2026-03-17 10:47:04,918 | INFO | Report sent for ETH (Score: -6.0)
2026-03-17 10:47:05,092 | INFO | HTTP Request: POST https://api.telegram.org/bot8710025937:AAFLoQOsAOvHI4qgB9TBG53Al9sYfiDBilE/sendMessage "HTTP/1.1 200 OK"
2026-03-17 10:47:05,204 | INFO | HTTP Request: POST https://api.telegram.org/bot8710025937:AAFLoQOsAOvHI4qgB9TBG53Al9sYfiDBilE/sendMessage "HTTP/1.1 200 OK"
2026-03-17 10:47:08,824 | INFO | HTTP Request: POST https://api.telegram.org/bot8710025937:AAFLoQOsAOvHI4qgB9TBG53Al9sYfiDBilE/getUpdates "HTTP/1.1 200 OK"
2026-03-17 10:47:18,856 | INFO | HTTP Request: POST https://api.telegram.org/bot8710025937:AAFLoQOsAOvHI4qgB9TBG53Al9sYfiDBilE/getUpdates "HTTP/1.1 200 OK"
2026-03-17 10:47:28,887 | INFO | HTTP Request: POST https://api.telegram.org/bot8710025937:AAFLoQOsAOvHI4qgB9TBG53Al9sYfiDBilE/getUpdates "HTTP/1.1 200 OK"
2026-03-17 10:47:38,919 | INFO | HTTP Request: POST https://api.telegram.org/bot8710025937:AAFLoQOsAOvHI4qgB9TBG53Al9sYfiDBilE/getUpdates "HTTP/1.1 200 OK"
2026-03-17 10:47:48,949 | INFO | HTTP Request: POST https://api.telegram.org/bot8710025937:AAFLoQOsAOvHI4qgB9TBG53Al9sYfiDBilE/getUpdates "HTTP/1.1 200 OK"
2026-03-17 10:47:58,982 | INFO | HTTP Request: POST https://api.telegram.org/bot8710025937:AAFLoQOsAOvHI4qgB9TBG53Al9sYfiDBilE/getUpdates "HTTP/1.1 200 OK"
2026-03-17 10:48:09,011 | INFO | HTTP Request: POST https://api.telegram.org/bot8710025937:AAFLoQOsAOvHI4qgB9TBG53Al9sYfiDBilE/getUpdates "HTTP/1.1 200 OK"
2026-03-17 10:48:19,043 | INFO | HTTP Request: POST https://api.telegram.org/bot8710025937:AAFLoQOsAOvHI4qgB9TBG53Al9sYfiDBilE/getUpdates "HTTP/1.1 200 OK"
2026-03-17 10:48:29,074 | INFO | HTTP Request: POST https://api.telegram.org/bot8710025937:AAFLoQOsAOvHI4qgB9TBG53Al9sYfiDBilE/getUpdates "HTTP/1.1 200 OK"
2026-03-17 10:48:39,104 | INFO | HTTP Request: POST https://api.telegram.org/bot8710025937:AAFLoQOsAOvHI4qgB9TBG53Al9sYfiDBilE/getUpdates "HTTP/1.1 200 OK"
2026-03-17 10:48:50,372 | INFO | HTTP Request: POST https://api.telegram.org/bot8710025937:AAFLoQOsAOvHI4qgB9TBG53Al9sYfiDBilE/getMe "HTTP/1.1 200 OK"
2026-03-17 10:48:50,648 | INFO | HTTP Request: POST https://api.telegram.org/bot8710025937:AAFLoQOsAOvHI4qgB9TBG53Al9sYfiDBilE/deleteWebhook "HTTP/1.1 200 OK"
2026-03-17 10:48:50,650 | INFO | Application started
2026-03-17 10:48:54,405 | INFO | Report sent for BTC (Score: -4.0)
2026-03-17 10:48:54,469 | INFO | HTTP Request: POST https://api.telegram.org/bot8710025937:AAFLoQOsAOvHI4qgB9TBG53Al9sYfiDBilE/sendMessage "HTTP/1.1 200 OK"
2026-03-17 10:48:54,650 | INFO | HTTP Request: POST https://api.telegram.org/bot8710025937:AAFLoQOsAOvHI4qgB9TBG53Al9sYfiDBilE/sendMessage "HTTP/1.1 200 OK"
2026-03-17 10:48:56,335 | INFO | Report sent for ETH (Score: -6.0)
2026-03-17 10:48:56,396 | INFO | HTTP Request: POST https://api.telegram.org/bot8710025937:AAFLoQOsAOvHI4qgB9TBG53Al9sYfiDBilE/sendMessage "HTTP/1.1 200 OK"
2026-03-17 10:48:56,569 | INFO | HTTP Request: POST https://api.telegram.org/bot8710025937:AAFLoQOsAOvHI4qgB9TBG53Al9sYfiDBilE/sendMessage "HTTP/1.1 200 OK"
2026-03-17 10:49:00,737 | INFO | HTTP Request: POST https://api.telegram.org/bot8710025937:AAFLoQOsAOvHI4qgB9TBG53Al9sYfiDBilE/getUpdates "HTTP/1.1 200 OK"
2026-03-17 10:49:10,770 | INFO | HTTP Request: POST https://api.telegram.org/bot8710025937:AAFLoQOsAOvHI4qgB9TBG53Al9sYfiDBilE/getUpdates "HTTP/1.1 200 OK"
2026-03-17 10:49:20,800 | INFO | HTTP Request: POST https://api.telegram.org/bot8710025937:AAFLoQOsAOvHI4qgB9TBG53Al9sYfiDBilE/getUpdates "HTTP/1.1 200 OK"
2026-03-17 10:49:30,833 | INFO | HTTP Request: POST https://api.telegram.org/bot8710025937:AAFLoQOsAOvHI4qgB9TBG53Al9sYfiDBilE/getUpdates "HTTP/1.1 200 OK"
2026-03-17 10:49:40,865 | INFO | HTTP Request: POST https://api.telegram.org/bot8710025937:AAFLoQOsAOvHI4qgB9TBG53Al9sYfiDBilE/getUpdates "HTTP/1.1 200 OK"
2026-03-17 10:49:50,896 | INFO | HTTP Request: POST https://api.telegram.org/bot8710025937:AAFLoQOsAOvHI4qgB9TBG53Al9sYfiDBilE/getUpdates "HTTP/1.1 200 OK"
2026-03-17 10:50:00,927 | INFO | HTTP Request: POST https://api.telegram.org/bot8710025937:AAFLoQOsAOvHI4qgB9TBG53Al9sYfiDBilE/getUpdates "HTTP/1.1 200 OK"
2026-03-17 10:50:10,960 | INFO | HTTP Request: POST https://api.telegram.org/bot8710025937:AAFLoQOsAOvHI4qgB9TBG53Al9sYfiDBilE/getUpdates "HTTP/1.1 200 OK"
2026-03-17 10:50:20,990 | INFO | HTTP Request: POST https://api.telegram.org/bot8710025937:AAFLoQOsAOvHI4qgB9TBG53Al9sYfiDBilE/getUpdates "HTTP/1.1 200 OK"
2026-03-17 10:50:31,021 | INFO | HTTP Request: POST https://api.telegram.org/bot8710025937:AAFLoQOsAOvHI4qgB9TBG53Al9sYfiDBilE/getUpdates "HTTP/1.1 200 OK"
